===> 21:54:30.262 +00:00 [inf] hueshift-2: Starting...
===> 21:54:30.864 +00:00 [inf] hueshift-2: Host created successfully.
===> 21:54:31.969 +00:00 [dbg] hueshift-2: Hosting starting
===> 21:54:32.958 +00:00 [inf] hueshift-2: Refreshing lights...
===> 21:54:34.399 +00:00 [inf] hueshift-2: Hue client initialised.
===> 21:54:34.998 +00:00 [inf] hueshift-2: Application started. Press Ctrl+C to shut down.
===> 21:54:35.003 +00:00 [inf] hueshift-2: Hosting environment: Production
===> 21:54:35.008 +00:00 [inf] hueshift-2: Content root path: C:\Users\mehol\git\github\hueshift2\HueShift2\HueShift2\bin\Debug\net5.0\
===> 21:54:35.011 +00:00 [dbg] hueshift-2: Hosting started
===> 21:54:36.829 +00:00 [inf] hueshift-2: Discovered 9 new lights on the network.
===> 21:54:47.525 +00:00 [inf] hueshift-2: Lights refreshed.
===> 21:54:50.825 +00:00 [inf] hueshift-2: Lights on network: 
ID: 1    Name: Cocktail             ModelID: LCT010     ProductID: Philips-LCT010-1-A19ECLv4 
ID: 2    Name: Records              ModelID: LCT010     ProductID: Philips-LCT010-1-A19ECLv4 
ID: 3    Name: Centre               ModelID: LCA001     ProductID: Philips-LCA001-5-A19ECLv6 
ID: 4    Name: Ceiling              ModelID: LCA001     ProductID: Philips-LCA001-5-A19ECLv6 
ID: 5    Name: Dining Table         ModelID: LCA001     ProductID: Philips-LCA001-5-A19ECLv6 
ID: 6    Name: Sarah's Bedside      ModelID: LTW012     ProductID: Philips-LTW012-1-E14CTv1 
ID: 7    Name: Binky's Bedside      ModelID: LTW012     ProductID: Philips-LTW012-1-E14CTv1 
ID: 8    Name: Landing              ModelID: LCA001     ProductID: Philips-LCA001-5-A19ECLv6 
ID: 9    Name: Bedroom TV           ModelID: LCT010     ProductID: Philips-LCT010-1-A19ECLv4 

===> 21:54:50.829 +00:00 [inf] hueshift-2: Excluded lights: none
===> 21:54:50.832 +00:00 [inf] hueshift-2: Manually controlled lights: none
===> 21:54:50.838 +00:00 [inf] hueshift-2: Executing automatic light control...
===> 21:54:56.287 +00:00 [inf] hueshift-2: Performing transition...
===> 21:54:56.292 +00:00 [inf] hueshift-2: Refreshing lights...
===> 21:54:58.582 +00:00 [inf] hueshift-2: Discovered 0 new lights on the network.
===> 21:55:55.518 +00:00 [inf] hueshift-2: Lights refreshed.
===> 21:56:06.546 +00:00 [inf] hueshift-2: Executing automatic light control...
===> 21:56:06.549 +00:00 [dbg] hueshift-2: No transition to perform.
===> 21:56:06.552 +00:00 [inf] hueshift-2: Refreshing lights...
===> 21:56:06.696 +00:00 [inf] hueshift-2: Discovered 0 new lights on the network.
===> 21:56:39.977 +00:00 [inf] hueshift-2: Lights refreshed.
===> 21:56:52.219 +00:00 [inf] hueshift-2: Executing automatic light control...
===> 21:56:52.221 +00:00 [dbg] hueshift-2: No transition to perform.
===> 21:56:52.223 +00:00 [inf] hueshift-2: Refreshing lights...
===> 21:56:52.394 +00:00 [inf] hueshift-2: Discovered 0 new lights on the network.
===> 21:57:19.475 +00:00 [inf] hueshift-2: Lights refreshed.
===> 21:57:33.329 +00:00 [inf] hueshift-2: Executing automatic light control...
===> 21:57:33.331 +00:00 [dbg] hueshift-2: No transition to perform.
===> 21:57:33.334 +00:00 [inf] hueshift-2: Refreshing lights...
===> 21:57:33.476 +00:00 [inf] hueshift-2: Discovered 0 new lights on the network.
===> 21:58:14.348 +00:00 [inf] hueshift-2: Lights refreshed.
===> 22:00:20.612 +00:00 [inf] hueshift-2: Executing automatic light control...
===> 22:00:20.615 +00:00 [dbg] hueshift-2: No transition to perform.
===> 22:00:20.617 +00:00 [inf] hueshift-2: Refreshing lights...
===> 22:00:20.755 +00:00 [inf] hueshift-2: Discovered 0 new lights on the network.
===> 22:00:32.085 +00:00 [inf] hueshift-2: Lights refreshed.
===> 22:01:06.848 +00:00 [inf] hueshift-2: Executing automatic light control...
===> 22:01:06.879 +00:00 [dbg] hueshift-2: No transition to perform.
===> 22:01:06.881 +00:00 [inf] hueshift-2: Refreshing lights...
===> 22:01:07.040 +00:00 [inf] hueshift-2: Discovered 0 new lights on the network.
===> 22:02:04.777 +00:00 [inf] hueshift-2: Lights refreshed.
===> 22:02:16.768 +00:00 [inf] hueshift-2: Executing automatic light control...
===> 22:02:16.771 +00:00 [dbg] hueshift-2: No transition to perform.
===> 22:02:16.772 +00:00 [inf] hueshift-2: Refreshing lights...
===> 22:02:16.878 +00:00 [inf] hueshift-2: Discovered 0 new lights on the network.
===> 22:02:37.045 +00:00 [inf] hueshift-2: Lights refreshed.
===> 22:02:54.152 +00:00 [inf] hueshift-2: Executing automatic light control...
===> 22:02:54.160 +00:00 [dbg] hueshift-2: No transition to perform.
===> 22:02:54.172 +00:00 [inf] hueshift-2: Refreshing lights...
===> 22:02:54.317 +00:00 [inf] hueshift-2: Discovered 0 new lights on the network.
===> 22:02:54.321 +00:00 [inf] hueshift-2: Lights refreshed.
===> 22:03:04.346 +00:00 [inf] hueshift-2: Executing automatic light control...
===> 22:03:04.350 +00:00 [dbg] hueshift-2: No transition to perform.
===> 22:03:04.353 +00:00 [inf] hueshift-2: Refreshing lights...
===> 22:03:04.468 +00:00 [inf] hueshift-2: Discovered 0 new lights on the network.
===> 22:03:04.470 +00:00 [inf] hueshift-2: Lights refreshed.
===> 22:03:14.491 +00:00 [inf] hueshift-2: Executing automatic light control...
===> 22:03:14.494 +00:00 [dbg] hueshift-2: No transition to perform.
===> 22:03:14.496 +00:00 [inf] hueshift-2: Refreshing lights...
===> 22:03:14.586 +00:00 [inf] hueshift-2: Discovered 0 new lights on the network.
