===> 09:50:56.931 +00:00 [inf] hueshift-2: Starting...
===> 09:50:57.334 +00:00 [inf] hueshift-2: Host created successfully.
===> 09:50:58.993 +00:00 [dbg] hueshift-2: Hosting starting
===> 09:50:59.327 +00:00 [inf] hueshift-2: Refreshing lights...
===> 09:51:00.066 +00:00 [inf] hueshift-2: Hue client initialised.
===> 09:51:00.244 +00:00 [inf] hueshift-2: Application started. Press Ctrl+C to shut down.
===> 09:51:00.249 +00:00 [inf] hueshift-2: Hosting environment: Production
===> 09:51:00.254 +00:00 [inf] hueshift-2: Content root path: C:\Users\mehol\git\github\hueshift2\HueShift2\HueShift2\bin\Debug\net5.0\
===> 09:51:00.257 +00:00 [dbg] hueshift-2: Hosting started
===> 09:51:01.121 +00:00 [inf] hueshift-2: Discovered 9 new lights on the network.
===> 09:51:01.127 +00:00 [inf] hueshift-2: Lights refreshed.
===> 09:51:01.129 +00:00 [inf] hueshift-2: Lights on network: 
ID: 1    Name: Cocktail             ModelID: LCT010     ProductID: Philips-LCT010-1-A19ECLv4 
ID: 2    Name: Records              ModelID: LCT010     ProductID: Philips-LCT010-1-A19ECLv4 
ID: 3    Name: Centre               ModelID: LCA001     ProductID: Philips-LCA001-5-A19ECLv6 
ID: 4    Name: Ceiling              ModelID: LCA001     ProductID: Philips-LCA001-5-A19ECLv6 
ID: 5    Name: Dining Table         ModelID: LCA001     ProductID: Philips-LCA001-5-A19ECLv6 
ID: 6    Name: Sarah's Bedside      ModelID: LTW012     ProductID: Philips-LTW012-1-E14CTv1 
ID: 7    Name: Binky's Bedside      ModelID: LTW012     ProductID: Philips-LTW012-1-E14CTv1 
ID: 8    Name: Landing              ModelID: LCA001     ProductID: Philips-LCA001-5-A19ECLv6 
ID: 9    Name: Bedroom TV           ModelID: LCT010     ProductID: Philips-LCT010-1-A19ECLv4 

===> 09:51:01.132 +00:00 [inf] hueshift-2: Excluded lights: none
===> 09:51:01.135 +00:00 [inf] hueshift-2: Manually controlled lights: none
===> 09:51:01.139 +00:00 [inf] hueshift-2: Executing automatic light control...
===> 19:34:44.589 +00:00 [inf] hueshift-2: Starting...
===> 19:34:44.990 +00:00 [inf] hueshift-2: Host created successfully.
===> 19:34:45.786 +00:00 [dbg] hueshift-2: Hosting starting
===> 19:34:46.161 +00:00 [inf] hueshift-2: Refreshing lights...
===> 19:34:46.985 +00:00 [inf] hueshift-2: Application started. Press Ctrl+C to shut down.
===> 19:34:46.990 +00:00 [inf] hueshift-2: Hosting environment: Production
===> 19:34:46.994 +00:00 [inf] hueshift-2: Content root path: C:\Users\mehol\git\github\hueshift2\HueShift2\HueShift2\bin\Debug\net5.0\
===> 19:34:46.996 +00:00 [dbg] hueshift-2: Hosting started
===> 19:34:47.268 +00:00 [inf] hueshift-2: Hue client initialised.
===> 19:34:48.403 +00:00 [inf] hueshift-2: Discovered 9 new lights on the network.
===> 19:34:48.411 +00:00 [inf] hueshift-2: Lights refreshed.
===> 19:34:48.414 +00:00 [inf] hueshift-2: Lights on network: 
ID: 1    Name: Cocktail             ModelID: LCT010     ProductID: Philips-LCT010-1-A19ECLv4 
ID: 2    Name: Records              ModelID: LCT010     ProductID: Philips-LCT010-1-A19ECLv4 
ID: 3    Name: Centre               ModelID: LCA001     ProductID: Philips-LCA001-5-A19ECLv6 
ID: 4    Name: Ceiling              ModelID: LCA001     ProductID: Philips-LCA001-5-A19ECLv6 
ID: 5    Name: Dining Table         ModelID: LCA001     ProductID: Philips-LCA001-5-A19ECLv6 
ID: 6    Name: Sarah's Bedside      ModelID: LTW012     ProductID: Philips-LTW012-1-E14CTv1 
ID: 7    Name: Binky's Bedside      ModelID: LTW012     ProductID: Philips-LTW012-1-E14CTv1 
ID: 8    Name: Landing              ModelID: LCA001     ProductID: Philips-LCA001-5-A19ECLv6 
ID: 9    Name: Bedroom TV           ModelID: LCT010     ProductID: Philips-LCT010-1-A19ECLv4 

===> 19:34:48.418 +00:00 [inf] hueshift-2: Excluded lights: none
===> 19:34:48.421 +00:00 [inf] hueshift-2: Manually controlled lights: none
===> 19:34:48.428 +00:00 [inf] hueshift-2: Executing automatic light control...
===> 19:36:36.522 +00:00 [inf] hueshift-2: Performing transition...
===> 19:36:36.527 +00:00 [inf] hueshift-2: Refreshing lights...
===> 19:36:36.873 +00:00 [inf] hueshift-2: Discovered 0 new lights on the network.
===> 19:36:36.878 +00:00 [inf] hueshift-2: Lights refreshed.
===> 19:36:47.429 +00:00 [inf] hueshift-2: Executing automatic light control...
===> 19:38:06.698 +00:00 [dbg] hueshift-2: No transition to perform.
===> 19:38:06.702 +00:00 [inf] hueshift-2: Refreshing lights...
===> 19:38:06.928 +00:00 [inf] hueshift-2: Discovered 0 new lights on the network.
===> 19:38:06.931 +00:00 [inf] hueshift-2: Lights refreshed.
===> 19:38:16.945 +00:00 [inf] hueshift-2: Executing automatic light control...
===> 19:38:16.948 +00:00 [dbg] hueshift-2: No transition to perform.
===> 19:38:16.950 +00:00 [inf] hueshift-2: Refreshing lights...
===> 19:38:17.077 +00:00 [inf] hueshift-2: Discovered 0 new lights on the network.
===> 19:38:17.079 +00:00 [inf] hueshift-2: Lights refreshed.
===> 19:38:27.166 +00:00 [inf] hueshift-2: Executing automatic light control...
===> 19:38:27.194 +00:00 [dbg] hueshift-2: No transition to perform.
===> 19:38:27.201 +00:00 [inf] hueshift-2: Refreshing lights...
===> 19:38:27.304 +00:00 [inf] hueshift-2: Discovered 0 new lights on the network.
===> 19:38:27.306 +00:00 [inf] hueshift-2: Lights refreshed.
===> 19:38:37.320 +00:00 [inf] hueshift-2: Executing automatic light control...
===> 19:38:37.324 +00:00 [dbg] hueshift-2: No transition to perform.
===> 19:38:37.326 +00:00 [inf] hueshift-2: Refreshing lights...
===> 19:38:37.409 +00:00 [inf] hueshift-2: Discovered 0 new lights on the network.
===> 19:38:37.411 +00:00 [inf] hueshift-2: Lights refreshed.
===> 19:38:47.423 +00:00 [inf] hueshift-2: Executing automatic light control...
===> 19:38:47.425 +00:00 [dbg] hueshift-2: No transition to perform.
===> 19:38:47.426 +00:00 [inf] hueshift-2: Refreshing lights...
===> 19:38:47.548 +00:00 [inf] hueshift-2: Discovered 0 new lights on the network.
===> 19:38:47.550 +00:00 [inf] hueshift-2: Lights refreshed.
===> 19:38:57.569 +00:00 [inf] hueshift-2: Executing automatic light control...
===> 19:38:57.571 +00:00 [dbg] hueshift-2: No transition to perform.
===> 19:38:57.573 +00:00 [inf] hueshift-2: Refreshing lights...
===> 19:38:57.689 +00:00 [inf] hueshift-2: Discovered 0 new lights on the network.
===> 19:38:57.691 +00:00 [inf] hueshift-2: Lights refreshed.
===> 19:39:07.710 +00:00 [inf] hueshift-2: Executing automatic light control...
===> 19:39:07.714 +00:00 [dbg] hueshift-2: No transition to perform.
===> 19:39:07.716 +00:00 [inf] hueshift-2: Refreshing lights...
===> 19:39:07.837 +00:00 [inf] hueshift-2: Discovered 0 new lights on the network.
===> 19:39:07.839 +00:00 [inf] hueshift-2: Lights refreshed.
===> 19:39:14.773 +00:00 [inf] hueshift-2: Application is shutting down...
===> 19:39:14.778 +00:00 [dbg] hueshift-2: Hosting stopping
===> 19:39:15.137 +00:00 [dbg] hueshift-2: Hosting stopped
